# JRE version: Java(TM) SE Runtime Environment 18.9 (11.0.16.1+1) (build 11.0.16.1+1-LTS-1)
# Java VM: Java HotSpot(TM) 64-Bit Server VM 18.9 (11.0.16.1+1-LTS-1, mixed mode, tiered, compressed oops, g1 gc, windows-amd64)
Heap:
 garbage-first heap   total 118784K, used 27184K [0x00000000a0c00000, 0x0000000100000000)
  region size 1024K, 12 young (12288K), 5 survivors (5120K)
 Metaspace       used 35459K, capacity 37043K, committed 37328K, reserved 1081344K
  class space    used 4204K, capacity 4964K, committed 4992K, reserved 1048576K
GC Heap History (10 events):
Event: 1.264 GC heap before
{Heap before GC invocations=0 (full 0):
 garbage-first heap   total 98304K, used 26624K [0x00000000a0c00000, 0x0000000100000000)
  region size 1024K, 24 young (24576K), 0 survivors (0K)
 Metaspace       used 15745K, capacity 16380K, committed 16512K, reserved 1064960K
  class space    used 1590K, capacity 1833K, committed 1920K, reserved 1048576K
}
Event: 1.276 GC heap after
{Heap after GC invocations=1 (full 0):
 garbage-first heap   total 98304K, used 4604K [0x00000000a0c00000, 0x0000000100000000)
  region size 1024K, 3 young (3072K), 3 survivors (3072K)
 Metaspace       used 15745K, capacity 16380K, committed 16512K, reserved 1064960K
  class space    used 1590K, capacity 1833K, committed 1920K, reserved 1048576K
}
Event: 1.903 GC heap before
{Heap before GC invocations=1 (full 0):
 garbage-first heap   total 98304K, used 20988K [0x00000000a0c00000, 0x0000000100000000)
  region size 1024K, 20 young (20480K), 3 survivors (3072K)
 Metaspace       used 20497K, capacity 21175K, committed 21296K, reserved 1069056K
  class space    used 2107K, capacity 2414K, committed 2432K, reserved 1048576K
}
Event: 1.915 GC heap after
{Heap after GC invocations=2 (full 0):
 garbage-first heap   total 98304K, used 6783K [0x00000000a0c00000, 0x0000000100000000)
  region size 1024K, 6 young (6144K), 6 survivors (6144K)
 Metaspace       used 20497K, capacity 21175K, committed 21296K, reserved 1069056K
  class space    used 2107K, capacity 2414K, committed 2432K, reserved 1048576K
}
Event: 2.459 GC heap before
{Heap before GC invocations=3 (full 0):
 garbage-first heap   total 98304K, used 31359K [0x00000000a0c00000, 0x0000000100000000)
  region size 1024K, 30 young (30720K), 6 survivors (6144K)
 Metaspace       used 23003K, capacity 24080K, committed 24240K, reserved 1071104K
  class space    used 2476K, capacity 2945K, committed 3072K, reserved 1048576K
}
Event: 2.480 GC heap after
{Heap after GC invocations=4 (full 0):
 garbage-first heap   total 98304K, used 11580K [0x00000000a0c00000, 0x0000000100000000)
  region size 1024K, 4 young (4096K), 4 survivors (4096K)
 Metaspace       used 23003K, capacity 24080K, committed 24240K, reserved 1071104K
  class space    used 2476K, capacity 2945K, committed 3072K, reserved 1048576K
}
Event: 3.096 GC heap before
{Heap before GC invocations=4 (full 0):
 garbage-first heap   total 98304K, used 51516K [0x00000000a0c00000, 0x0000000100000000)
  region size 1024K, 44 young (45056K), 4 survivors (4096K)
 Metaspace       used 27353K, capacity 28525K, committed 28848K, reserved 1075200K
  class space    used 2975K, capacity 3486K, committed 3584K, reserved 1048576K
}
Event: 3.114 GC heap after
{Heap after GC invocations=5 (full 0):
 garbage-first heap   total 98304K, used 16540K [0x00000000a0c00000, 0x0000000100000000)
  region size 1024K, 5 young (5120K), 5 survivors (5120K)
 Metaspace       used 27353K, capacity 28525K, committed 28848K, reserved 1075200K
  class space    used 2975K, capacity 3486K, committed 3584K, reserved 1048576K
}
Event: 4.731 GC heap before
{Heap before GC invocations=5 (full 0):
 garbage-first heap   total 98304K, used 54428K [0x00000000a0c00000, 0x0000000100000000)
  region size 1024K, 44 young (45056K), 5 survivors (5120K)
 Metaspace       used 34126K, capacity 35763K, committed 35920K, reserved 1081344K
  class space    used 4007K, capacity 4772K, committed 4864K, reserved 1048576K
}
Event: 4.751 GC heap after
{Heap after GC invocations=6 (full 0):
 garbage-first heap   total 118784K, used 21040K [0x00000000a0c00000, 0x0000000100000000)
  region size 1024K, 5 young (5120K), 5 survivors (5120K)
 Metaspace       used 34126K, capacity 35763K, committed 35920K, reserved 1081344K
  class space    used 4007K, capacity 4772K, committed 4864K, reserved 1048576K
}

