# JRE version: Java(TM) SE Runtime Environment 18.9 (11.0.16.1+1) (build 11.0.16.1+1-LTS-1)
# Java VM: Java HotSpot(TM) 64-Bit Server VM 18.9 (11.0.16.1+1-LTS-1, mixed mode, tiered, compressed oops, g1 gc, windows-amd64)
Heap:
 garbage-first heap   total 118784K, used 20891K [0x00000000a0c00000, 0x0000000100000000)
  region size 1024K, 5 young (5120K), 5 survivors (5120K)
 Metaspace       used 34099K, capacity 35697K, committed 35888K, reserved 1081344K
  class space    used 3978K, capacity 4729K, committed 4736K, reserved 1048576K
GC Heap History (9 events):
Event: 1.254 GC heap before
{Heap before GC invocations=0 (full 0):
 garbage-first heap   total 98304K, used 26624K [0x00000000a0c00000, 0x0000000100000000)
  region size 1024K, 24 young (24576K), 0 survivors (0K)
 Metaspace       used 15605K, capacity 16229K, committed 16512K, reserved 1064960K
  class space    used 1570K, capacity 1805K, committed 1920K, reserved 1048576K
}
Event: 1.265 GC heap after
{Heap after GC invocations=1 (full 0):
 garbage-first heap   total 98304K, used 4259K [0x00000000a0c00000, 0x0000000100000000)
  region size 1024K, 3 young (3072K), 3 survivors (3072K)
 Metaspace       used 15605K, capacity 16229K, committed 16512K, reserved 1064960K
  class space    used 1570K, capacity 1805K, committed 1920K, reserved 1048576K
}
Event: 1.806 GC heap before
{Heap before GC invocations=1 (full 0):
 garbage-first heap   total 98304K, used 20643K [0x00000000a0c00000, 0x0000000100000000)
  region size 1024K, 20 young (20480K), 3 survivors (3072K)
 Metaspace       used 20492K, capacity 21179K, committed 21296K, reserved 1069056K
  class space    used 2092K, capacity 2373K, committed 2432K, reserved 1048576K
}
Event: 1.819 GC heap after
{Heap after GC invocations=2 (full 0):
 garbage-first heap   total 98304K, used 6853K [0x00000000a0c00000, 0x0000000100000000)
  region size 1024K, 6 young (6144K), 6 survivors (6144K)
 Metaspace       used 20492K, capacity 21179K, committed 21296K, reserved 1069056K
  class space    used 2092K, capacity 2373K, committed 2432K, reserved 1048576K
}
Event: 2.437 GC heap before
{Heap before GC invocations=3 (full 0):
 garbage-first heap   total 98304K, used 33477K [0x00000000a0c00000, 0x0000000100000000)
  region size 1024K, 32 young (32768K), 6 survivors (6144K)
 Metaspace       used 23673K, capacity 24734K, committed 25008K, reserved 1071104K
  class space    used 2546K, capacity 3037K, committed 3072K, reserved 1048576K
}
Event: 2.458 GC heap after
{Heap after GC invocations=4 (full 0):
 garbage-first heap   total 98304K, used 11584K [0x00000000a0c00000, 0x0000000100000000)
  region size 1024K, 4 young (4096K), 4 survivors (4096K)
 Metaspace       used 23673K, capacity 24734K, committed 25008K, reserved 1071104K
  class space    used 2546K, capacity 3037K, committed 3072K, reserved 1048576K
}
Event: 2.927 GC heap before
{Heap before GC invocations=4 (full 0):
 garbage-first heap   total 98304K, used 48448K [0x00000000a0c00000, 0x0000000100000000)
  region size 1024K, 41 young (41984K), 4 survivors (4096K)
 Metaspace       used 27135K, capacity 28332K, committed 28464K, reserved 1075200K
  class space    used 2942K, capacity 3443K, committed 3456K, reserved 1048576K
}
Event: 2.946 GC heap after
{Heap after GC invocations=5 (full 0):
 garbage-first heap   total 98304K, used 16241K [0x00000000a0c00000, 0x0000000100000000)
  region size 1024K, 5 young (5120K), 5 survivors (5120K)
 Metaspace       used 27135K, capacity 28332K, committed 28464K, reserved 1075200K
  class space    used 2942K, capacity 3443K, committed 3456K, reserved 1048576K
}
Event: 4.408 GC heap before
{Heap before GC invocations=5 (full 0):
 garbage-first heap   total 98304K, used 56177K [0x00000000a0c00000, 0x0000000100000000)
  region size 1024K, 45 young (46080K), 5 survivors (5120K)
 Metaspace       used 34099K, capacity 35697K, committed 35888K, reserved 1081344K
  class space    used 3978K, capacity 4729K, committed 4736K, reserved 1048576K
}

