# JRE version: Java(TM) SE Runtime Environment 18.9 (11.0.16.1+1) (build 11.0.16.1+1-LTS-1)
# Java VM: Java HotSpot(TM) 64-Bit Server VM 18.9 (11.0.16.1+1-LTS-1, mixed mode, tiered, compressed oops, g1 gc, windows-amd64)
Heap:
 garbage-first heap   total 118784K, used 32897K [0x00000000a0c00000, 0x0000000100000000)
  region size 1024K, 19 young (19456K), 6 survivors (6144K)
 Metaspace       used 36548K, capacity 38233K, committed 38448K, reserved 1083392K
  class space    used 4329K, capacity 5128K, committed 5248K, reserved 1048576K
GC Heap History (10 events):
Event: 1.396 GC heap before
{Heap before GC invocations=0 (full 0):
 garbage-first heap   total 98304K, used 26624K [0x00000000a0c00000, 0x0000000100000000)
  region size 1024K, 24 young (24576K), 0 survivors (0K)
 Metaspace       used 15799K, capacity 16380K, committed 16512K, reserved 1064960K
  class space    used 1591K, capacity 1833K, committed 1920K, reserved 1048576K
}
Event: 1.407 GC heap after
{Heap after GC invocations=1 (full 0):
 garbage-first heap   total 98304K, used 4239K [0x00000000a0c00000, 0x0000000100000000)
  region size 1024K, 3 young (3072K), 3 survivors (3072K)
 Metaspace       used 15799K, capacity 16380K, committed 16512K, reserved 1064960K
  class space    used 1591K, capacity 1833K, committed 1920K, reserved 1048576K
}
Event: 1.963 GC heap before
{Heap before GC invocations=1 (full 0):
 garbage-first heap   total 98304K, used 20623K [0x00000000a0c00000, 0x0000000100000000)
  region size 1024K, 20 young (20480K), 3 survivors (3072K)
 Metaspace       used 20468K, capacity 21175K, committed 21296K, reserved 1069056K
  class space    used 2103K, capacity 2414K, committed 2432K, reserved 1048576K
}
Event: 1.976 GC heap after
{Heap after GC invocations=2 (full 0):
 garbage-first heap   total 98304K, used 6685K [0x00000000a0c00000, 0x0000000100000000)
  region size 1024K, 6 young (6144K), 6 survivors (6144K)
 Metaspace       used 20468K, capacity 21175K, committed 21296K, reserved 1069056K
  class space    used 2103K, capacity 2414K, committed 2432K, reserved 1048576K
}
Event: 2.561 GC heap before
{Heap before GC invocations=3 (full 0):
 garbage-first heap   total 98304K, used 30237K [0x00000000a0c00000, 0x0000000100000000)
  region size 1024K, 29 young (29696K), 6 survivors (6144K)
 Metaspace       used 23063K, capacity 24080K, committed 24240K, reserved 1071104K
  class space    used 2478K, capacity 2945K, committed 3072K, reserved 1048576K
}
Event: 2.584 GC heap after
{Heap after GC invocations=4 (full 0):
 garbage-first heap   total 98304K, used 11466K [0x00000000a0c00000, 0x0000000100000000)
  region size 1024K, 4 young (4096K), 4 survivors (4096K)
 Metaspace       used 23063K, capacity 24080K, committed 24240K, reserved 1071104K
  class space    used 2478K, capacity 2945K, committed 3072K, reserved 1048576K
}
Event: 3.010 GC heap before
{Heap before GC invocations=4 (full 0):
 garbage-first heap   total 98304K, used 50378K [0x00000000a0c00000, 0x0000000100000000)
  region size 1024K, 43 young (44032K), 4 survivors (4096K)
 Metaspace       used 26521K, capacity 27697K, committed 27952K, reserved 1073152K
  class space    used 2894K, capacity 3384K, committed 3456K, reserved 1048576K
}
Event: 3.026 GC heap after
{Heap after GC invocations=5 (full 0):
 garbage-first heap   total 98304K, used 16206K [0x00000000a0c00000, 0x0000000100000000)
  region size 1024K, 5 young (5120K), 5 survivors (5120K)
 Metaspace       used 26521K, capacity 27697K, committed 27952K, reserved 1073152K
  class space    used 2894K, capacity 3384K, committed 3456K, reserved 1048576K
}
Event: 4.416 GC heap before
{Heap before GC invocations=5 (full 0):
 garbage-first heap   total 98304K, used 57166K [0x00000000a0c00000, 0x0000000100000000)
  region size 1024K, 46 young (47104K), 5 survivors (5120K)
 Metaspace       used 34033K, capacity 35634K, committed 35888K, reserved 1081344K
  class space    used 3958K, capacity 4708K, committed 4736K, reserved 1048576K
}
Event: 4.435 GC heap after
{Heap after GC invocations=6 (full 0):
 garbage-first heap   total 118784K, used 20609K [0x00000000a0c00000, 0x0000000100000000)
  region size 1024K, 6 young (6144K), 6 survivors (6144K)
 Metaspace       used 34033K, capacity 35634K, committed 35888K, reserved 1081344K
  class space    used 3958K, capacity 4708K, committed 4736K, reserved 1048576K
}

